[+] Containers:
 |- [+] Container: /Game/ThirdPerson/Maps/ThirdPersonMap
 |   |- [+] ActorDescs:
 |   |   |- Guid:00527891450650DBBE08FEB1BDEDA834 BaseClass: NativeClass:/Script/Engine.StaticMeshActor Name:StaticMeshActor_UAID_744CA17BFC34C2A501_1824454599 Label:SM_floor_4 SpatiallyLoaded:1 Bounds:IsValid=true, Min=(X=1747.401 Y=2521.231 Z=3.678), Max=(X=2503.770 Y=3314.577 Z=159.928) RuntimeGrid:None EditorOnly:0 RuntimeOnly:0 HLODRelevant:1
 |   |   |- Guid:073E6F344B4D59BCCE1C6E889E95460F BaseClass: NativeClass:/Script/Engine.StaticMeshActor Name:StaticMeshActor_UAID_744CA17BFC34C2A501_1933364605 Label:SM_wallAttic_4 SpatiallyLoaded:1 Bounds:IsValid=true, Min=(X=2190.442 Y=318.249 Z=0.633), Max=(X=2240.442 Y=818.249 Z=210.633) RuntimeGrid:None EditorOnly:0 RuntimeOnly:0 HLODRelevant:1
 |   |   |- Guid:1829BEB64FC21EDA0BF0BC85A7D2C7B5 BaseClass: NativeClass:/Script/NavigationSystem.RecastNavMesh Name:RecastNavMesh_UAID_002B67A9371847A301-Default Label:RecastNavMesh-Default SpatiallyLoaded:0 Bounds:IsValid=true, Min=(X=0.000 Y=0.000 Z=0.000), Max=(X=0.000 Y=0.000 Z=0.000) RuntimeGrid:None EditorOnly:0 RuntimeOnly:0 HLODRelevant:0
 |   |   |- Guid:18B2818142199094E3CBDDBBBFD9E6E0 BaseClass: NativeClass:/Script/Engine.StaticMeshActor Name:StaticMeshActor_UAID_002B67328755A0A201_1774962399 Label:SM_Cube14 SpatiallyLoaded:1 Bounds:IsValid=true, Min=(X=2370.240 Y=430.906 Z=-495.650), Max=(X=2920.240 Y=930.906 Z=-295.650) RuntimeGrid:None EditorOnly:0 RuntimeOnly:0 HLODRelevant:1 FolderPath:Block01 FolderGuid:7D23E5AE4C2A421F86AF6986D87E6D05
 |   |   |- Guid:239DC4A445BD25CC1F6F428A9F129DD9 BaseClass: NativeClass:/Script/Engine.StaticMeshActor Name:StaticMeshActor_UAID_744CA17BFC34C2A501_1739243596 Label:SM_wall_01 SpatiallyLoaded:1 Bounds:IsValid=true, Min=(X=993.917 Y=3366.022 Z=0.633), Max=(X=1702.641 Y=3967.512 Z=225.633) RuntimeGrid:None EditorOnly:0 RuntimeOnly:0 HLODRelevant:1
 |   |   |- Guid:289CE75542281C1E97777FA7C7976CB7 BaseClass: NativeClass:/Script/Engine.StaticMeshActor Name:StaticMeshActor_UAID_744CA17BFC34C3A501_1348951804 Label:SM_wallAttic_01_corner6 SpatiallyLoaded:1 Bounds:IsValid=true, Min=(X=2956.970 Y=704.641 Z=0.633), Max=(X=3069.470 Y=817.141 Z=495.633) RuntimeGrid:None EditorOnly:0 RuntimeOnly:0 HLODRelevant:1
 |   |   |- Guid:28D4BD4B4414D67983BB8C8C49170872 BaseClass:/Game/AI/Blueprints/BP_AI.BP_AI_C NativeClass:/Script/Engine.Character Name:BP_AI_C_UAID_002B67A9371857A301_1833696608 Label:BP_AI7 SpatiallyLoaded:1 Bounds:IsValid=true, Min=(X=3211.846 Y=4678.286 Z=-2.172), Max=(X=3315.476 Y=4803.286 Z=286.646) RuntimeGrid:None EditorOnly:0 RuntimeOnly:0 HLODRelevant:0
 |   |   |- Guid:2A1341124A2DC09F1B9BF2B86121CA44 BaseClass: NativeClass:/Script/Engine.StaticMeshActor Name:StaticMeshActor_UAID_744CA17BFC34C2A501_1990331607 Label:SM_stairsRamp_01 SpatiallyLoaded:1 Bounds:IsValid=true, Min=(X=96.477 Y=82.142 Z=-0.171), Max=(X=511.157 Y=398.445 Z=155.240) RuntimeGrid:None EditorOnly:0 RuntimeOnly:0 HLODRelevant:1
 |   |   |- Guid:2C0CDDEF45DF8230FFECD490E1EC35F4 BaseClass:/Game/Flag/Flag.Flag_C NativeClass:/Script/Engine.Actor Name:Flag_C_UAID_744CA17BFC34ADA501_2063895847 Label:Flag SpatiallyLoaded:1 Bounds:IsValid=true, Min=(X=188.858 Y=193.145 Z=66.208), Max=(X=288.858 Y=293.145 Z=166.208) RuntimeGrid:None EditorOnly:0 RuntimeOnly:0 HLODRelevant:0
 |   |   |- Guid:2FB58999456391D349DC0F86DAC136ED BaseClass: NativeClass:/Script/Engine.SkyLight Name:SkyLight_1 Label:SkyLight SpatiallyLoaded:0 Bounds:IsValid=true, Min=(X=0.000 Y=0.000 Z=690.000), Max=(X=0.000 Y=0.000 Z=690.000) RuntimeGrid:None EditorOnly:0 RuntimeOnly:0 HLODRelevant:0 FolderPath:Lighting FolderGuid:963EC3EB4002CCE9759E2EBA541A873A
 |   |   |- Guid:316CF2A6494ACA4C0E4180A87D36AB8F BaseClass: NativeClass:/Script/Engine.ExponentialHeightFog Name:ExponentialHeightFog_0 Label:ExponentialHeightFog SpatiallyLoaded:0 Bounds:IsValid=true, Min=(X=-5600.000 Y=-50.000 Z=-6850.000), Max=(X=-5600.000 Y=-50.000 Z=-6850.000) RuntimeGrid:None EditorOnly:0 RuntimeOnly:0 HLODRelevant:0 FolderPath:Lighting FolderGuid:963EC3EB4002CCE9759E2EBA541A873A
 |   |   |- Guid:329884F04E0F806DF3E871B9A38237AE BaseClass:/Game/AI/Blueprints/BP_AI.BP_AI_C NativeClass:/Script/Engine.Character Name:BP_AI_C_UAID_002B67A9371857A301_1748162602 Label:BP_AI2 SpatiallyLoaded:1 Bounds:IsValid=true, Min=(X=1058.343 Y=334.060 Z=-2.172), Max=(X=1183.343 Y=437.690 Z=286.646) RuntimeGrid:None EditorOnly:0 RuntimeOnly:0 HLODRelevant:0
 |   |   |- Guid:350B06FC4682403FE7E64AB2CFBDF87C BaseClass: NativeClass:/Script/Engine.StaticMeshActor Name:StaticMeshActor_UAID_744CA17BFC34C2A501_1875218601 Label:SM_wallAttic_01 SpatiallyLoaded:1 Bounds:IsValid=true, Min=(X=929.306 Y=2533.116 Z=0.633), Max=(X=979.306 Y=3033.116 Z=210.633) RuntimeGrid:None EditorOnly:0 RuntimeOnly:0 HLODRelevant:1
 |   |   |- Guid:35DCB8D64AFE430C8A834D9D263428AF BaseClass: NativeClass:/Script/Engine.StaticMeshActor Name:StaticMeshActor_UAID_744CA17BFC34C2A501_1251049583 Label:SM_wallAttic_01_half6 SpatiallyLoaded:1 Bounds:IsValid=true, Min=(X=948.709 Y=2270.889 Z=0.633), Max=(X=1298.709 Y=2345.889 Z=315.633) RuntimeGrid:None EditorOnly:0 RuntimeOnly:0 HLODRelevant:1
 |   |   |- Guid:3A00AA1C422CE54C0BDB60BAF471BFBB BaseClass: NativeClass:/Script/Engine.PlayerStart Name:PlayerStart_0 Label:PlayerStart SpatiallyLoaded:0 Bounds:IsValid=true, Min=(X=679.859 Y=225.935 Z=0.013), Max=(X=759.859 Y=305.935 Z=184.013) RuntimeGrid:None EditorOnly:0 RuntimeOnly:0 HLODRelevant:0
 |   |   |- Guid:3A272EDA40DAF9A16F335683280116F7 BaseClass: NativeClass:/Script/Engine.StaticMeshActor Name:StaticMeshActor_UAID_002B67328755A2A201_1662870777 Label:SM_Cube6 SpatiallyLoaded:1 Bounds:IsValid=true, Min=(X=3895.014 Y=100.000 Z=0.000), Max=(X=3995.014 Y=5550.000 Z=375.000) RuntimeGrid:None EditorOnly:0 RuntimeOnly:0 HLODRelevant:1 FolderPath:Playground FolderGuid:C73F09FC4215536B1DCE2A9E0A830C70
 |   |   |- Guid:3EEE756449D4E3AAB1665C88687C1D69 BaseClass: NativeClass:/Script/Engine.StaticMeshActor Name:StaticMeshActor_UAID_744CA17BFC34C3A501_1140473793 Label:SM_wallAttic_7 SpatiallyLoaded:1 Bounds:IsValid=true, Min=(X=2594.552 Y=4991.773 Z=0.633), Max=(X=2644.552 Y=5491.773 Z=210.633) RuntimeGrid:None EditorOnly:0 RuntimeOnly:0 HLODRelevant:1
 |   |   |- Guid:3FF92DA1494E4798322EE8BD509E6D51 BaseClass: NativeClass:/Script/Engine.StaticMeshActor Name:StaticMeshActor_UAID_744CA17BFC34C2A501_1889005602 Label:SM_wallAttic_2 SpatiallyLoaded:1 Bounds:IsValid=true, Min=(X=479.439 Y=3008.116 Z=0.633), Max=(X=979.439 Y=3058.116 Z=210.633) RuntimeGrid:None EditorOnly:0 RuntimeOnly:0 HLODRelevant:1
 |   |   |- Guid:43815E84492231AFC407F59E3C28176B BaseClass: NativeClass:/Script/Engine.StaticMeshActor Name:StaticMeshActor_4 Label:SM_Cube6 SpatiallyLoaded:1 Bounds:IsValid=true, Min=(X=2900.000 Y=100.000 Z=0.000), Max=(X=3000.000 Y=3400.000 Z=400.000) RuntimeGrid:None EditorOnly:0 RuntimeOnly:0 HLODRelevant:1 FolderPath:Playground FolderGuid:C73F09FC4215536B1DCE2A9E0A830C70
 |   |   |- Guid:4939DF464D4740E3ED7C34A8856BDB85 BaseClass: NativeClass:/Script/Engine.SkeletalMeshActor Name:SkeletalMeshActor_UAID_744CA17BFC34C1A501_1119755368 Label:SK_veh_Sedan_01 SpatiallyLoaded:1 Bounds:IsValid=true, Min=(X=386.910 Y=4712.281 Z=-46.824), Max=(X=962.815 Y=5096.442 Z=213.248) RuntimeGrid:None EditorOnly:0 RuntimeOnly:0 HLODRelevant:0
 |   |   |- Guid:4D3BE93F4146AAAC8BBE79999D96D57F BaseClass: NativeClass:/Script/Engine.VolumetricCloud Name:VolumetricCloud_0 Label:VolumetricCloud SpatiallyLoaded:0 Bounds:IsValid=true, Min=(X=0.000 Y=0.000 Z=820.000), Max=(X=0.000 Y=0.000 Z=820.000) RuntimeGrid:None EditorOnly:0 RuntimeOnly:0 HLODRelevant:0 FolderPath:Lighting FolderGuid:963EC3EB4002CCE9759E2EBA541A873A
 |   |   |- Guid:4F5E749D42E2BEB03F31C888FB14553B BaseClass: NativeClass:/Script/Engine.StaticMeshActor Name:StaticMeshActor_UAID_744CA17BFC34C2A501_1354997587 Label:SM_wallAttic_01_half7 SpatiallyLoaded:1 Bounds:IsValid=true, Min=(X=579.941 Y=3524.170 Z=0.633), Max=(X=896.266 Y=3806.599 Z=315.633) RuntimeGrid:None EditorOnly:0 RuntimeOnly:0 HLODRelevant:1
 |   |   |- Guid:55EDC6C346CEB1585FE71B9A54858592 BaseClass: NativeClass:/Script/Engine.StaticMeshActor Name:StaticMeshActor_UAID_744CA17BFC34C2A501_1374529588 Label:SM_shopTop_01 SpatiallyLoaded:1 Bounds:IsValid=true, Min=(X=1024.370 Y=3384.987 Z=163.584), Max=(X=1676.411 Y=3942.120 Z=341.083) RuntimeGrid:None EditorOnly:0 RuntimeOnly:0 HLODRelevant:1
 |   |   |- Guid:56A9E0464DF119712B185D95E18AA425 BaseClass: NativeClass:/Script/Engine.StaticMeshActor Name:StaticMeshActor_UAID_744CA17BFC34C2A501_1154051580 Label:SM_wallAttic_01_half4 SpatiallyLoaded:1 Bounds:IsValid=true, Min=(X=1306.542 Y=4156.987 Z=0.633), Max=(X=1622.867 Y=4439.416 Z=315.633) RuntimeGrid:None EditorOnly:0 RuntimeOnly:0 HLODRelevant:1
 |   |   |- Guid:5A2C5C24484A7058284CB38C727E3DCE BaseClass: NativeClass:/Script/Engine.StaticMeshActor Name:StaticMeshActor_UAID_744CA17BFC34C3A501_1111911790 Label:SM_wallAttic_5 SpatiallyLoaded:1 Bounds:IsValid=true, Min=(X=492.734 Y=654.945 Z=0.633), Max=(X=542.734 Y=1154.945 Z=210.633) RuntimeGrid:None EditorOnly:0 RuntimeOnly:0 HLODRelevant:1
 |   |   |- Guid:5A700DAF4C871FCD7A489094C9A3A92D BaseClass: NativeClass:/Script/Engine.StaticMeshActor Name:StaticMeshActor_UAID_744CA17BFC34C2A501_1794414597 Label:SM_wallAttic_01_corner3 SpatiallyLoaded:1 Bounds:IsValid=true, Min=(X=933.200 Y=3324.444 Z=0.633), Max=(X=1091.694 Y=3482.937 Z=495.633) RuntimeGrid:None EditorOnly:0 RuntimeOnly:0 HLODRelevant:1
 |   |   |- Guid:5B77C65942BF3F7D11878C86A3B03F3E BaseClass: NativeClass:/Script/Engine.StaticMeshActor Name:StaticMeshActor_UAID_744CA17BFC34C3A501_1140476794 Label:SM_wallAttic_8 SpatiallyLoaded:1 Bounds:IsValid=true, Min=(X=2594.419 Y=4966.773 Z=0.633), Max=(X=3094.419 Y=5016.773 Z=210.633) RuntimeGrid:None EditorOnly:0 RuntimeOnly:0 HLODRelevant:1
 |   |   |- Guid:5B97F4A64FB21F77EFC44386BF705B4C BaseClass: NativeClass:/Script/Engine.TextRenderActor Name:TextRenderActor_1 Label:TextRenderActor SpatiallyLoaded:1 Bounds:IsValid=true, Min=(X=-0.100 Y=1100.000 Z=65.013), Max=(X=-0.100 Y=2392.308 Z=215.013) RuntimeGrid:None EditorOnly:0 RuntimeOnly:0 HLODRelevant:0
 |   |   |- Guid:622EBFA34CCA86970D5A00B8D1B152BD BaseClass: NativeClass:/Script/NavigationSystem.NavMeshBoundsVolume Name:NavMeshBoundsVolume_UAID_002B67A9371847A301_1998094784 Label:NavMeshBoundsVolume SpatiallyLoaded:0 Bounds:IsValid=true, Min=(X=-3243.434 Y=-1598.728 Z=-2951.910), Max=(X=4756.566 Y=6401.272 Z=5048.090) RuntimeGrid:None EditorOnly:0 RuntimeOnly:0 HLODRelevant:0
 |   |   |- Guid:623832F842193AF147A3D3B6D6BAF250 BaseClass: NativeClass:/Script/Engine.StaticMeshActor Name:StaticMeshActor_UAID_744CA17BFC34C2A501_1230012582 Label:SM_wallAttic_01_half5 SpatiallyLoaded:1 Bounds:IsValid=true, Min=(X=1489.876 Y=2270.889 Z=0.633), Max=(X=1839.876 Y=2345.889 Z=315.633) RuntimeGrid:None EditorOnly:0 RuntimeOnly:0 HLODRelevant:1
 |   |   |- Guid:6870EE4F4E1D0EBCD329BA80BF403DA2 BaseClass:/Game/AI/Blueprints/BP_AI.BP_AI_C NativeClass:/Script/Engine.Character Name:BP_AI_C_UAID_002B67A9371857A301_1751906603 Label:BP_AI3 SpatiallyLoaded:1 Bounds:IsValid=true, Min=(X=1262.781 Y=317.483 Z=-2.172), Max=(X=1387.781 Y=421.114 Z=286.646) RuntimeGrid:None EditorOnly:0 RuntimeOnly:0 HLODRelevant:0
 |   |   |- Guid:6BAF4DDD444C60371492D3919DB42C97 BaseClass: NativeClass:/Script/Engine.WorldDataLayers Name:WorldDataLayers Label:WorldDataLayers SpatiallyLoaded:0 Bounds:IsValid=true, Min=(X=0.000 Y=0.000 Z=0.000), Max=(X=0.000 Y=0.000 Z=0.000) RuntimeGrid:None EditorOnly:0 RuntimeOnly:0 HLODRelevant:0
 |   |   |- Guid:6CD2F2E24D21CC7104161DB7D7AB55A9 BaseClass: NativeClass:/Script/Engine.StaticMeshActor Name:StaticMeshActor_UAID_744CA17BFC34C2A501_2056376608 Label:SM_stairsRamp_2 SpatiallyLoaded:1 Bounds:IsValid=true, Min=(X=3546.280 Y=5198.073 Z=-0.171), Max=(X=3901.720 Y=5469.189 Z=155.240) RuntimeGrid:None EditorOnly:0 RuntimeOnly:0 HLODRelevant:1
 |   |   |- Guid:712C95604F4209A64B5439B27A7F9172 BaseClass: NativeClass:/Script/Engine.SkeletalMeshActor Name:SkeletalMeshActor_UAID_744CA17BFC34C1A501_1129007369 Label:SK_veh_SportClassic_02 SpatiallyLoaded:1 Bounds:IsValid=true, Min=(X=321.070 Y=1574.205 Z=-38.488), Max=(X=855.441 Y=1987.552 Z=196.318) RuntimeGrid:None EditorOnly:0 RuntimeOnly:0 HLODRelevant:0
 |   |   |- Guid:729C2A644F93BEEDDABBFD995DB1A579 BaseClass: NativeClass:/Script/Engine.StaticMeshActor Name:StaticMeshActor_UAID_744CA17BFC34C2A501_1807221598 Label:SM_wallAttic_01_corner4 SpatiallyLoaded:1 Bounds:IsValid=true, Min=(X=1598.334 Y=3873.888 Z=0.633), Max=(X=1756.828 Y=4032.381 Z=495.633) RuntimeGrid:None EditorOnly:0 RuntimeOnly:0 HLODRelevant:1
 |   |   |- Guid:7823FA20475EB375ABD392AFAC8E0297 BaseClass: NativeClass:/Script/Engine.StaticMeshActor Name:StaticMeshActor_UAID_744CA17BFC34C2A501_1933358603 Label:SM_floor_5 SpatiallyLoaded:1 Bounds:IsValid=true, Min=(X=2255.309 Y=375.251 Z=-12.739), Max=(X=2655.309 Y=775.251 Z=112.261) RuntimeGrid:None EditorOnly:0 RuntimeOnly:0 HLODRelevant:1
 |   |   |- Guid:79CFAE5040CD13F69EAD61B95F843597 BaseClass: NativeClass:/Script/Engine.StaticMeshActor Name:StaticMeshActor_UAID_744CA17BFC34C3A501_1192452795 Label:SM_stairsSmall_3 SpatiallyLoaded:1 Bounds:IsValid=true, Min=(X=2996.345 Y=1259.739 Z=0.633), Max=(X=3246.346 Y=1414.739 Z=100.633) RuntimeGrid:None EditorOnly:0 RuntimeOnly:0 HLODRelevant:1
 |   |   |- Guid:7A27DC524BF74E2906CA999F75051AEB BaseClass: NativeClass:/Script/Engine.StaticMeshActor Name:StaticMeshActor_UAID_744CA17BFC34C1A501_1215388371 Label:SM_stairsSmall_01 SpatiallyLoaded:1 Bounds:IsValid=true, Min=(X=2179.689 Y=2927.233 Z=0.632), Max=(X=2550.631 Y=3306.495 Z=150.633) RuntimeGrid:None EditorOnly:0 RuntimeOnly:0 HLODRelevant:1
 |   |   |- Guid:80D8FF9C4A1CE4D72F34E79F38178B1D BaseClass: NativeClass:/Script/Engine.StaticMeshActor Name:StaticMeshActor_UAID_744CA17BFC34C3A501_1438699811 Label:SM_wallAttic_02_corner2 SpatiallyLoaded:1 Bounds:IsValid=true, Min=(X=3548.036 Y=3347.764 Z=0.633), Max=(X=3623.036 Y=3422.764 Z=135.633) RuntimeGrid:None EditorOnly:0 RuntimeOnly:0 HLODRelevant:1
 |   |   |- Guid:86F6689948B0D61A3EF9498E4413DA26 BaseClass: NativeClass:/Script/Engine.StaticMeshActor Name:StaticMeshActor_UAID_744CA17BFC34C2A501_1579152594 Label:SM_wall_02_half SpatiallyLoaded:1 Bounds:IsValid=true, Min=(X=1766.663 Y=2527.837 Z=0.633), Max=(X=2218.947 Y=3054.692 Z=150.633) RuntimeGrid:None EditorOnly:0 RuntimeOnly:0 HLODRelevant:1
 |   |   |- Guid:8BDEE0124E55A7B76084E882A32360C6 BaseClass: NativeClass:/Script/Engine.StaticMeshActor Name:StaticMeshActor_UAID_744CA17BFC34C2A501_1933362604 Label:SM_wallAttic_3 SpatiallyLoaded:1 Bounds:IsValid=true, Min=(X=2215.442 Y=768.117 Z=0.633), Max=(X=2715.442 Y=818.117 Z=210.633) RuntimeGrid:None EditorOnly:0 RuntimeOnly:0 HLODRelevant:1
 |   |   |- Guid:8FE141834AF7AA30CD13B58D17909CAE BaseClass: NativeClass:/Script/Engine.StaticMeshActor Name:StaticMeshActor_UAID_744CA17BFC34C2A501_1276931585 Label:SM_floor_02 SpatiallyLoaded:1 Bounds:IsValid=true, Min=(X=536.441 Y=2593.249 Z=-12.739), Max=(X=936.441 Y=2993.249 Z=112.261) RuntimeGrid:None EditorOnly:0 RuntimeOnly:0 HLODRelevant:1
 |   |   |- Guid:92A14462439637AC66589788D1929795 BaseClass: NativeClass:/Script/Engine.StaticMeshActor Name:StaticMeshActor_UAID_744CA17BFC34C3A501_1431362810 Label:SM_wallAttic_02_corner SpatiallyLoaded:1 Bounds:IsValid=true, Min=(X=3267.241 Y=3347.764 Z=0.633), Max=(X=3342.241 Y=3422.764 Z=135.633) RuntimeGrid:None EditorOnly:0 RuntimeOnly:0 HLODRelevant:1
 |   |   |- Guid:9477BCE1491E5E2626EBA1B162F75045 BaseClass:/Game/AI/Blueprints/BP_AI.BP_AI_C NativeClass:/Script/Engine.Character Name:BP_AI_C_UAID_002B67A9371857A301_1742450601 Label:BP_AI SpatiallyLoaded:1 Bounds:IsValid=true, Min=(X=837.538 Y=306.329 Z=-2.172), Max=(X=962.538 Y=409.959 Z=286.646) RuntimeGrid:None EditorOnly:0 RuntimeOnly:0 HLODRelevant:0
 |   |   |- Guid:980B59024EA6A46859A0B9AE3E18E460 BaseClass:/Game/AI/Blueprints/BP_AI.BP_AI_C NativeClass:/Script/Engine.Character Name:BP_AI_C_UAID_002B67A9371857A301_1831630607 Label:BP_AI6 SpatiallyLoaded:1 Bounds:IsValid=true, Min=(X=3472.966 Y=4516.804 Z=-2.172), Max=(X=3576.596 Y=4641.804 Z=286.646) RuntimeGrid:None EditorOnly:0 RuntimeOnly:0 HLODRelevant:0
 |   |   |- Guid:A071FC5A44CA89C2C6B460A86E616076 BaseClass: NativeClass:/Script/Engine.StaticMeshActor Name:StaticMeshActor_UAID_744CA17BFC34C2A501_1490170590 Label:SM_wallAttic_01_corner SpatiallyLoaded:1 Bounds:IsValid=true, Min=(X=1709.932 Y=2963.491 Z=0.633), Max=(X=1868.425 Y=3121.985 Z=495.633) RuntimeGrid:None EditorOnly:0 RuntimeOnly:0 HLODRelevant:1
 |   |   |- Guid:A377CF6344D36B4FD5CC28A41FCD11D4 BaseClass: NativeClass:/Script/Engine.StaticMeshActor Name:StaticMeshActor_UAID_744CA17BFC34C3A501_1111907789 Label:SM_floor_6 SpatiallyLoaded:1 Bounds:IsValid=true, Min=(X=99.869 Y=715.078 Z=-12.739), Max=(X=499.869 Y=1115.078 Z=112.261) RuntimeGrid:None EditorOnly:0 RuntimeOnly:0 HLODRelevant:1
 |   |   |- Guid:A56216954B2165CF0F35A886B537D536 BaseClass: NativeClass:/Script/Engine.StaticMeshActor Name:StaticMeshActor_0 Label:SM_Cube5 SpatiallyLoaded:1 Bounds:IsValid=true, Min=(X=-0.000 Y=100.000 Z=0.000), Max=(X=100.000 Y=5550.000 Z=375.000) RuntimeGrid:None EditorOnly:0 RuntimeOnly:0 HLODRelevant:1 FolderPath:Playground FolderGuid:C73F09FC4215536B1DCE2A9E0A830C70
 |   |   |- Guid:A66BDCDB41AD0EE09B8B97B4A95AB53C BaseClass: NativeClass:/Script/Engine.StaticMeshActor Name:StaticMeshActor_UAID_744CA17BFC34C3A501_1244655797 Label:SM_stairsSmall_5 SpatiallyLoaded:1 Bounds:IsValid=true, Min=(X=2996.345 Y=955.658 Z=175.280), Max=(X=3246.346 Y=1110.658 Z=275.281) RuntimeGrid:None EditorOnly:0 RuntimeOnly:0 HLODRelevant:1
 |   |   |- Guid:A824B61E4AE92BD0C3F236BE4997CA74 BaseClass: NativeClass:/Script/Engine.StaticMeshActor Name:StaticMeshActor_UAID_744CA17BFC34C3A501_1387389807 Label:SM_wallAttic_9 SpatiallyLoaded:1 Bounds:IsValid=true, Min=(X=2991.828 Y=3358.175 Z=0.633), Max=(X=3291.828 Y=3408.175 Z=80.633) RuntimeGrid:None EditorOnly:0 RuntimeOnly:0 HLODRelevant:1
 |   |   |- Guid:B26230E04C5686D4FD00AEA47B2BE6B2 BaseClass:/Game/AI/Blueprints/BP_AI.BP_AI_C NativeClass:/Script/Engine.Character Name:BP_AI_C_UAID_002B67A9371857A301_1826777605 Label:BP_AI4 SpatiallyLoaded:1 Bounds:IsValid=true, Min=(X=3318.076 Y=3771.993 Z=-2.172), Max=(X=3421.706 Y=3896.993 Z=286.646) RuntimeGrid:None EditorOnly:0 RuntimeOnly:0 HLODRelevant:0
 |   |   |- Guid:B785ED2844B84CFB91E7F39FE661CD99 BaseClass: NativeClass:/Script/Engine.DirectionalLight Name:DirectionalLight_0 Label:DirectionalLight SpatiallyLoaded:0 Bounds:IsValid=true, Min=(X=-1048576.000 Y=-1048576.000 Z=-1048576.000), Max=(X=1048576.000 Y=1048576.000 Z=1048576.000) RuntimeGrid:None EditorOnly:0 RuntimeOnly:0 HLODRelevant:0 FolderPath:Lighting FolderGuid:963EC3EB4002CCE9759E2EBA541A873A
 |   |   |- Guid:BC08B79C4EA3C961CFF75EBBE83B367D BaseClass: NativeClass:/Script/Engine.StaticMeshActor Name:StaticMeshActor_5 Label:SM_Cube2 SpatiallyLoaded:1 Bounds:IsValid=true, Min=(X=0.000 Y=0.000 Z=0.000), Max=(X=4000.000 Y=100.000 Z=400.000) RuntimeGrid:None EditorOnly:0 RuntimeOnly:0 HLODRelevant:1 FolderPath:Playground FolderGuid:C73F09FC4215536B1DCE2A9E0A830C70
 |   |   |- Guid:BCFAD0174D4459D0F4EB61B7B98375E2 BaseClass:/Game/Flag/Flag.Flag_C NativeClass:/Script/Engine.Actor Name:Flag_C_UAID_744CA17BFC34ADA501_2101263848 Label:Flag2 SpatiallyLoaded:1 Bounds:IsValid=true, Min=(X=3715.659 Y=5275.345 Z=60.072), Max=(X=3815.659 Y=5375.345 Z=160.072) RuntimeGrid:None EditorOnly:0 RuntimeOnly:0 HLODRelevant:0
 |   |   |- Guid:BD38C51B43FC6D40BF293196CFF4125B BaseClass: NativeClass:/Script/Engine.StaticMeshActor Name:StaticMeshActor_UAID_744CA17BFC34C3A501_1421488809 Label:SM_wallAttic_10 SpatiallyLoaded:1 Bounds:IsValid=true, Min=(X=3602.042 Y=3358.175 Z=0.633), Max=(X=3902.042 Y=3408.175 Z=80.633) RuntimeGrid:None EditorOnly:0 RuntimeOnly:0 HLODRelevant:1
 |   |   |- Guid:C1C8D2D646598FFB9809269A2ECF0789 BaseClass: NativeClass:/Script/Engine.StaticMeshActor Name:StaticMeshActor_UAID_744CA17BFC34C2A501_1516961591 Label:SM_wallAttic_01_corner2 SpatiallyLoaded:1 Bounds:IsValid=true, Min=(X=2146.111 Y=2445.571 Z=0.633), Max=(X=2304.605 Y=2604.064 Z=495.633) RuntimeGrid:None EditorOnly:0 RuntimeOnly:0 HLODRelevant:1
 |   |   |- Guid:C2423CDC48E1F672F30F3D9DBC82779F BaseClass: NativeClass:/Script/Engine.StaticMeshActor Name:StaticMeshActor_UAID_744CA17BFC34C3A501_1221651796 Label:SM_stairsSmall_4 SpatiallyLoaded:1 Bounds:IsValid=true, Min=(X=2996.345 Y=1104.654 Z=76.443), Max=(X=3246.346 Y=1259.654 Z=176.443) RuntimeGrid:None EditorOnly:0 RuntimeOnly:0 HLODRelevant:1
 |   |   |- Guid:C38809D4400DE37441E8698F4899F475 BaseClass: NativeClass:/Script/Engine.StaticMeshActor Name:StaticMeshActor_UAID_744CA17BFC34C3A501_1140470792 Label:SM_floor_7 SpatiallyLoaded:1 Bounds:IsValid=true, Min=(X=2637.417 Y=5031.640 Z=-12.739), Max=(X=3037.417 Y=5431.640 Z=112.261) RuntimeGrid:None EditorOnly:0 RuntimeOnly:0 HLODRelevant:1
 |   |   |- Guid:C5B7E6BE46549AEC85FD7BB5D92CFBDA BaseClass: NativeClass:/Script/Engine.StaticMeshActor Name:StaticMeshActor_UAID_744CA17BFC34C1A501_1694062387 Label:SM_veranda_02 SpatiallyLoaded:1 Bounds:IsValid=true, Min=(X=2421.852 Y=1660.516 Z=0.633), Max=(X=2896.852 Y=2278.764 Z=544.468) RuntimeGrid:None EditorOnly:0 RuntimeOnly:0 HLODRelevant:1
 |   |   |- Guid:CB74B1464FC22367338F088955C471FC BaseClass: NativeClass:/Script/Engine.StaticMeshActor Name:StaticMeshActor_UAID_744CA17BFC34C2A501_1445211589 Label:SM_wallAttic_02 SpatiallyLoaded:1 Bounds:IsValid=true, Min=(X=1783.404 Y=2527.948 Z=144.938), Max=(X=2216.954 Y=3027.749 Z=264.938) RuntimeGrid:None EditorOnly:0 RuntimeOnly:0 HLODRelevant:1
 |   |   |- Guid:CCFF262C46EEFFDF319E7F9539CE697E BaseClass: NativeClass:/Script/Engine.SkyAtmosphere Name:SkyAtmosphere_0 Label:SkyAtmosphere SpatiallyLoaded:0 Bounds:IsValid=true, Min=(X=0.000 Y=0.000 Z=1020.000), Max=(X=0.000 Y=0.000 Z=1020.000) RuntimeGrid:None EditorOnly:0 RuntimeOnly:0 HLODRelevant:0 FolderPath:Lighting FolderGuid:963EC3EB4002CCE9759E2EBA541A873A
 |   |   |- Guid:D453EF5E4D8D633C386F4E8E434AD993 BaseClass: NativeClass:/Script/Engine.StaticMeshActor Name:StaticMeshActor_UAID_744CA17BFC34C3A501_1111914791 Label:SM_wallAttic_6 SpatiallyLoaded:1 Bounds:IsValid=true, Min=(X=42.867 Y=1129.945 Z=0.633), Max=(X=542.867 Y=1179.945 Z=210.633) RuntimeGrid:None EditorOnly:0 RuntimeOnly:0 HLODRelevant:1
 |   |   |- Guid:DF478E3943BEC52871D573BCA19B73FA BaseClass:/Game/AI/Blueprints/BP_AI.BP_AI_C NativeClass:/Script/Engine.Character Name:BP_AI_C_UAID_002B67A9371857A301_1829308606 Label:BP_AI5 SpatiallyLoaded:1 Bounds:IsValid=true, Min=(X=3148.659 Y=4127.476 Z=-2.172), Max=(X=3252.290 Y=4252.476 Z=286.646) RuntimeGrid:None EditorOnly:0 RuntimeOnly:0 HLODRelevant:0
 |   |   |- Guid:E8D625DD4B6A6FFA1D3E0180DDC16070 BaseClass: NativeClass:/Script/Engine.StaticMeshActor Name:StaticMeshActor_UAID_744CA17BFC34C1A501_1556664383 Label:SM_veranda_01 SpatiallyLoaded:1 Bounds:IsValid=true, Min=(X=597.268 Y=390.411 Z=-0.414), Max=(X=1934.259 Y=1727.402 Z=559.586) RuntimeGrid:None EditorOnly:0 RuntimeOnly:0 HLODRelevant:1
 |   |   |- Guid:EA2F648E4733E03AE9BF76A8197910FD BaseClass: NativeClass:/Script/Engine.StaticMeshActor Name:StaticMeshActor_UAID_744CA17BFC34C3A501_1326080803 Label:SM_wallAttic_01_corner5 SpatiallyLoaded:1 Bounds:IsValid=true, Min=(X=3192.654 Y=704.641 Z=0.633), Max=(X=3305.154 Y=817.141 Z=495.633) RuntimeGrid:None EditorOnly:0 RuntimeOnly:0 HLODRelevant:1
 |   |   |- Guid:EA9C944D42BEC85ED0B1E2ABCE7736D8 BaseClass: NativeClass:/Script/Engine.StaticMeshActor Name:StaticMeshActor_UAID_744CA17BFC34C1A501_1634417385 Label:SM_veranda_2 SpatiallyLoaded:1 Bounds:IsValid=true, Min=(X=1797.368 Y=3584.504 Z=-0.414), Max=(X=3183.763 Y=4861.915 Z=559.586) RuntimeGrid:None EditorOnly:0 RuntimeOnly:0 HLODRelevant:1
 |   |   |- Guid:EC4E0C944CE6AC6E784BC6BB2916EA13 BaseClass: NativeClass:/Script/Engine.StaticMeshActor Name:StaticMeshActor_UAID_A4AE111137DC5EFB00_1110535423 Label:SM_SkySphere SpatiallyLoaded:0 Bounds:IsValid=true, Min=(X=-1638400.000 Y=-1638400.000 Z=-1638400.000), Max=(X=1638400.000 Y=1638400.000 Z=1638400.000) RuntimeGrid:None EditorOnly:0 RuntimeOnly:0 HLODRelevant:1 FolderPath:Lighting FolderGuid:963EC3EB4002CCE9759E2EBA541A873A
 |   |   |- Guid:EE9CAF0E45935F8E08C2D4B4D9D8CBCA BaseClass: NativeClass:/Script/Engine.StaticMeshActor Name:StaticMeshActor_UAID_744CA17BFC34C2A501_1297776586 Label:SM_floor_3 SpatiallyLoaded:1 Bounds:IsValid=true, Min=(X=750.775 Y=3362.469 Z=3.678), Max=(X=1697.330 Y=4247.396 Z=159.928) RuntimeGrid:None EditorOnly:0 RuntimeOnly:0 HLODRelevant:1
 |   |   |- Guid:F1924B8D48954B30891B2DB6A694F9CC BaseClass: NativeClass:/Script/Engine.StaticMeshActor Name:StaticMeshActor_1 Label:SM_Cube SpatiallyLoaded:1 Bounds:IsValid=true, Min=(X=0.000 Y=0.000 Z=-50.000), Max=(X=4000.000 Y=5600.000 Z=0.633) RuntimeGrid:None EditorOnly:0 RuntimeOnly:0 HLODRelevant:1 FolderPath:Playground FolderGuid:C73F09FC4215536B1DCE2A9E0A830C70
 |   |   |- Guid:F2926C7148DA345BF46E5999D728EF2A BaseClass: NativeClass:/Script/Engine.SkeletalMeshActor Name:SkeletalMeshActor_UAID_744CA17BFC34C1A501_1142159370 Label:SK_veh_Truck_01 SpatiallyLoaded:1 Bounds:IsValid=true, Min=(X=2947.263 Y=1728.421 Z=-7.490), Max=(X=3695.928 Y=2477.087 Z=345.049) RuntimeGrid:None EditorOnly:0 RuntimeOnly:0 HLODRelevant:0
 |   |   |- Guid:F38164D74EC58670FA657D98C79827F0 BaseClass: NativeClass:/Script/Engine.StaticMeshActor Name:StaticMeshActor_UAID_744CA17BFC34C3A501_1250437798 Label:SM_stairsSmall_6 SpatiallyLoaded:1 Bounds:IsValid=true, Min=(X=2996.345 Y=805.221 Z=252.288), Max=(X=3246.346 Y=960.221 Z=352.288) RuntimeGrid:None EditorOnly:0 RuntimeOnly:0 HLODRelevant:1
 |   |   |- Guid:F5E3FEB3450C49844FD93DA8E083C8AD BaseClass: NativeClass:/Script/Engine.PostProcessVolume Name:PostProcessVolume_0 Label:PostProcessVolume SpatiallyLoaded:0 Bounds:IsValid=true, Min=(X=0.000 Y=0.000 Z=400.000), Max=(X=200.000 Y=200.000 Z=600.000) RuntimeGrid:None EditorOnly:0 RuntimeOnly:0 HLODRelevant:0 FolderPath:Lighting FolderGuid:963EC3EB4002CCE9759E2EBA541A873A
 |   |   |- Guid:F6FEFFEB47F74EB64C84378BEB6976F9 BaseClass: NativeClass:/Script/Engine.StaticMeshActor Name:StaticMeshActor_UAID_744CA17BFC34C1A501_1734371388 Label:SM_veranda_02_short SpatiallyLoaded:1 Bounds:IsValid=true, Min=(X=108.313 Y=4020.419 Z=0.633), Max=(X=463.313 Y=4638.666 Z=544.468) RuntimeGrid:None EditorOnly:0 RuntimeOnly:0 HLODRelevant:1
 |   |   |- Guid:F8ACADA048C2B9AF563BF29ABB930668 BaseClass: NativeClass:/Script/Engine.StaticMeshActor Name:StaticMeshActor_UAID_744CA17BFC34C2A501_1080051578 Label:SM_stairsSmall_2 SpatiallyLoaded:1 Bounds:IsValid=true, Min=(X=808.556 Y=3801.357 Z=0.632), Max=(X=1251.028 Y=4234.123 Z=175.633) RuntimeGrid:None EditorOnly:0 RuntimeOnly:0 HLODRelevant:1
 |   |   |- Guid:FF698C67459ADB4982D7759C0905EE9F BaseClass: NativeClass:/Script/Engine.StaticMeshActor Name:StaticMeshActor_6 Label:SM_Cube3 SpatiallyLoaded:1 Bounds:IsValid=true, Min=(X=1.437 Y=5470.037 Z=0.000), Max=(X=4001.437 Y=5570.037 Z=400.000) RuntimeGrid:None EditorOnly:0 RuntimeOnly:0 HLODRelevant:1 FolderPath:Playground FolderGuid:C73F09FC4215536B1DCE2A9E0A830C70
 |   |- [+] Clusters:
 |   |   |- [+] [  0]
 |   |   |   |- Guid:6BAF4DDD444C60371492D3919DB42C97 BaseClass: NativeClass:/Script/Engine.WorldDataLayers Name:WorldDataLayers Label:WorldDataLayers SpatiallyLoaded:0 Bounds:IsValid=true, Min=(X=0.000 Y=0.000 Z=0.000), Max=(X=0.000 Y=0.000 Z=0.000) RuntimeGrid:None EditorOnly:0 RuntimeOnly:0 HLODRelevant:0
 |   |   |- [+] [  1]
 |   |   |   |- Guid:712C95604F4209A64B5439B27A7F9172 BaseClass: NativeClass:/Script/Engine.SkeletalMeshActor Name:SkeletalMeshActor_UAID_744CA17BFC34C1A501_1129007369 Label:SK_veh_SportClassic_02 SpatiallyLoaded:1 Bounds:IsValid=true, Min=(X=321.070 Y=1574.205 Z=-38.488), Max=(X=855.441 Y=1987.552 Z=196.318) RuntimeGrid:None EditorOnly:0 RuntimeOnly:0 HLODRelevant:0
 |   |   |- [+] [  2]
 |   |   |   |- Guid:F5E3FEB3450C49844FD93DA8E083C8AD BaseClass: NativeClass:/Script/Engine.PostProcessVolume Name:PostProcessVolume_0 Label:PostProcessVolume SpatiallyLoaded:0 Bounds:IsValid=true, Min=(X=0.000 Y=0.000 Z=400.000), Max=(X=200.000 Y=200.000 Z=600.000) RuntimeGrid:None EditorOnly:0 RuntimeOnly:0 HLODRelevant:0 FolderPath:Lighting FolderGuid:963EC3EB4002CCE9759E2EBA541A873A
 |   |   |- [+] [  3]
 |   |   |   |- Guid:5B97F4A64FB21F77EFC44386BF705B4C BaseClass: NativeClass:/Script/Engine.TextRenderActor Name:TextRenderActor_1 Label:TextRenderActor SpatiallyLoaded:1 Bounds:IsValid=true, Min=(X=-0.100 Y=1100.000 Z=65.013), Max=(X=-0.100 Y=2392.308 Z=215.013) RuntimeGrid:None EditorOnly:0 RuntimeOnly:0 HLODRelevant:0
 |   |   |- [+] [  4]
 |   |   |   |- Guid:F2926C7148DA345BF46E5999D728EF2A BaseClass: NativeClass:/Script/Engine.SkeletalMeshActor Name:SkeletalMeshActor_UAID_744CA17BFC34C1A501_1142159370 Label:SK_veh_Truck_01 SpatiallyLoaded:1 Bounds:IsValid=true, Min=(X=2947.263 Y=1728.421 Z=-7.490), Max=(X=3695.928 Y=2477.087 Z=345.049) RuntimeGrid:None EditorOnly:0 RuntimeOnly:0 HLODRelevant:0
 |   |   |- [+] [  5]
 |   |   |   |- Guid:18B2818142199094E3CBDDBBBFD9E6E0 BaseClass: NativeClass:/Script/Engine.StaticMeshActor Name:StaticMeshActor_UAID_002B67328755A0A201_1774962399 Label:SM_Cube14 SpatiallyLoaded:1 Bounds:IsValid=true, Min=(X=2370.240 Y=430.906 Z=-495.650), Max=(X=2920.240 Y=930.906 Z=-295.650) RuntimeGrid:None EditorOnly:0 RuntimeOnly:0 HLODRelevant:1 FolderPath:Block01 FolderGuid:7D23E5AE4C2A421F86AF6986D87E6D05
 |   |   |- [+] [  6]
 |   |   |   |- Guid:4D3BE93F4146AAAC8BBE79999D96D57F BaseClass: NativeClass:/Script/Engine.VolumetricCloud Name:VolumetricCloud_0 Label:VolumetricCloud SpatiallyLoaded:0 Bounds:IsValid=true, Min=(X=0.000 Y=0.000 Z=820.000), Max=(X=0.000 Y=0.000 Z=820.000) RuntimeGrid:None EditorOnly:0 RuntimeOnly:0 HLODRelevant:0 FolderPath:Lighting FolderGuid:963EC3EB4002CCE9759E2EBA541A873A
 |   |   |- [+] [  7]
 |   |   |   |- Guid:3FF92DA1494E4798322EE8BD509E6D51 BaseClass: NativeClass:/Script/Engine.StaticMeshActor Name:StaticMeshActor_UAID_744CA17BFC34C2A501_1889005602 Label:SM_wallAttic_2 SpatiallyLoaded:1 Bounds:IsValid=true, Min=(X=479.439 Y=3008.116 Z=0.633), Max=(X=979.439 Y=3058.116 Z=210.633) RuntimeGrid:None EditorOnly:0 RuntimeOnly:0 HLODRelevant:1
 |   |   |- [+] [  8]
 |   |   |   |- Guid:BD38C51B43FC6D40BF293196CFF4125B BaseClass: NativeClass:/Script/Engine.StaticMeshActor Name:StaticMeshActor_UAID_744CA17BFC34C3A501_1421488809 Label:SM_wallAttic_10 SpatiallyLoaded:1 Bounds:IsValid=true, Min=(X=3602.042 Y=3358.175 Z=0.633), Max=(X=3902.042 Y=3408.175 Z=80.633) RuntimeGrid:None EditorOnly:0 RuntimeOnly:0 HLODRelevant:1
 |   |   |- [+] [  9]
 |   |   |   |- Guid:92A14462439637AC66589788D1929795 BaseClass: NativeClass:/Script/Engine.StaticMeshActor Name:StaticMeshActor_UAID_744CA17BFC34C3A501_1431362810 Label:SM_wallAttic_02_corner SpatiallyLoaded:1 Bounds:IsValid=true, Min=(X=3267.241 Y=3347.764 Z=0.633), Max=(X=3342.241 Y=3422.764 Z=135.633) RuntimeGrid:None EditorOnly:0 RuntimeOnly:0 HLODRelevant:1
 |   |   |- [+] [ 10]
 |   |   |   |- Guid:289CE75542281C1E97777FA7C7976CB7 BaseClass: NativeClass:/Script/Engine.StaticMeshActor Name:StaticMeshActor_UAID_744CA17BFC34C3A501_1348951804 Label:SM_wallAttic_01_corner6 SpatiallyLoaded:1 Bounds:IsValid=true, Min=(X=2956.970 Y=704.641 Z=0.633), Max=(X=3069.470 Y=817.141 Z=495.633) RuntimeGrid:None EditorOnly:0 RuntimeOnly:0 HLODRelevant:1
 |   |   |- [+] [ 11]
 |   |   |   |- Guid:EA2F648E4733E03AE9BF76A8197910FD BaseClass: NativeClass:/Script/Engine.StaticMeshActor Name:StaticMeshActor_UAID_744CA17BFC34C3A501_1326080803 Label:SM_wallAttic_01_corner5 SpatiallyLoaded:1 Bounds:IsValid=true, Min=(X=3192.654 Y=704.641 Z=0.633), Max=(X=3305.154 Y=817.141 Z=495.633) RuntimeGrid:None EditorOnly:0 RuntimeOnly:0 HLODRelevant:1
 |   |   |- [+] [ 12]
 |   |   |   |- Guid:CCFF262C46EEFFDF319E7F9539CE697E BaseClass: NativeClass:/Script/Engine.SkyAtmosphere Name:SkyAtmosphere_0 Label:SkyAtmosphere SpatiallyLoaded:0 Bounds:IsValid=true, Min=(X=0.000 Y=0.000 Z=1020.000), Max=(X=0.000 Y=0.000 Z=1020.000) RuntimeGrid:None EditorOnly:0 RuntimeOnly:0 HLODRelevant:0 FolderPath:Lighting FolderGuid:963EC3EB4002CCE9759E2EBA541A873A
 |   |   |- [+] [ 13]
 |   |   |   |- Guid:729C2A644F93BEEDDABBFD995DB1A579 BaseClass: NativeClass:/Script/Engine.StaticMeshActor Name:StaticMeshActor_UAID_744CA17BFC34C2A501_1807221598 Label:SM_wallAttic_01_corner4 SpatiallyLoaded:1 Bounds:IsValid=true, Min=(X=1598.334 Y=3873.888 Z=0.633), Max=(X=1756.828 Y=4032.381 Z=495.633) RuntimeGrid:None EditorOnly:0 RuntimeOnly:0 HLODRelevant:1
 |   |   |- [+] [ 14]
 |   |   |   |- Guid:EC4E0C944CE6AC6E784BC6BB2916EA13 BaseClass: NativeClass:/Script/Engine.StaticMeshActor Name:StaticMeshActor_UAID_A4AE111137DC5EFB00_1110535423 Label:SM_SkySphere SpatiallyLoaded:0 Bounds:IsValid=true, Min=(X=-1638400.000 Y=-1638400.000 Z=-1638400.000), Max=(X=1638400.000 Y=1638400.000 Z=1638400.000) RuntimeGrid:None EditorOnly:0 RuntimeOnly:0 HLODRelevant:1 FolderPath:Lighting FolderGuid:963EC3EB4002CCE9759E2EBA541A873A
 |   |   |- [+] [ 15]
 |   |   |   |- Guid:2C0CDDEF45DF8230FFECD490E1EC35F4 BaseClass:/Game/Flag/Flag.Flag_C NativeClass:/Script/Engine.Actor Name:Flag_C_UAID_744CA17BFC34ADA501_2063895847 Label:Flag SpatiallyLoaded:1 Bounds:IsValid=true, Min=(X=188.858 Y=193.145 Z=66.208), Max=(X=288.858 Y=293.145 Z=166.208) RuntimeGrid:None EditorOnly:0 RuntimeOnly:0 HLODRelevant:0
 |   |   |- [+] [ 16]
 |   |   |   |- Guid:5A700DAF4C871FCD7A489094C9A3A92D BaseClass: NativeClass:/Script/Engine.StaticMeshActor Name:StaticMeshActor_UAID_744CA17BFC34C2A501_1794414597 Label:SM_wallAttic_01_corner3 SpatiallyLoaded:1 Bounds:IsValid=true, Min=(X=933.200 Y=3324.444 Z=0.633), Max=(X=1091.694 Y=3482.937 Z=495.633) RuntimeGrid:None EditorOnly:0 RuntimeOnly:0 HLODRelevant:1
 |   |   |- [+] [ 17]
 |   |   |   |- Guid:43815E84492231AFC407F59E3C28176B BaseClass: NativeClass:/Script/Engine.StaticMeshActor Name:StaticMeshActor_4 Label:SM_Cube6 SpatiallyLoaded:1 Bounds:IsValid=true, Min=(X=2900.000 Y=100.000 Z=0.000), Max=(X=3000.000 Y=3400.000 Z=400.000) RuntimeGrid:None EditorOnly:0 RuntimeOnly:0 HLODRelevant:1 FolderPath:Playground FolderGuid:C73F09FC4215536B1DCE2A9E0A830C70
 |   |   |- [+] [ 18]
 |   |   |   |- Guid:350B06FC4682403FE7E64AB2CFBDF87C BaseClass: NativeClass:/Script/Engine.StaticMeshActor Name:StaticMeshActor_UAID_744CA17BFC34C2A501_1875218601 Label:SM_wallAttic_01 SpatiallyLoaded:1 Bounds:IsValid=true, Min=(X=929.306 Y=2533.116 Z=0.633), Max=(X=979.306 Y=3033.116 Z=210.633) RuntimeGrid:None EditorOnly:0 RuntimeOnly:0 HLODRelevant:1
 |   |   |- [+] [ 19]
 |   |   |   |- Guid:4939DF464D4740E3ED7C34A8856BDB85 BaseClass: NativeClass:/Script/Engine.SkeletalMeshActor Name:SkeletalMeshActor_UAID_744CA17BFC34C1A501_1119755368 Label:SK_veh_Sedan_01 SpatiallyLoaded:1 Bounds:IsValid=true, Min=(X=386.910 Y=4712.281 Z=-46.824), Max=(X=962.815 Y=5096.442 Z=213.248) RuntimeGrid:None EditorOnly:0 RuntimeOnly:0 HLODRelevant:0
 |   |   |- [+] [ 20]
 |   |   |   |- Guid:B785ED2844B84CFB91E7F39FE661CD99 BaseClass: NativeClass:/Script/Engine.DirectionalLight Name:DirectionalLight_0 Label:DirectionalLight SpatiallyLoaded:0 Bounds:IsValid=true, Min=(X=-1048576.000 Y=-1048576.000 Z=-1048576.000), Max=(X=1048576.000 Y=1048576.000 Z=1048576.000) RuntimeGrid:None EditorOnly:0 RuntimeOnly:0 HLODRelevant:0 FolderPath:Lighting FolderGuid:963EC3EB4002CCE9759E2EBA541A873A
 |   |   |- [+] [ 21]
 |   |   |   |- Guid:BCFAD0174D4459D0F4EB61B7B98375E2 BaseClass:/Game/Flag/Flag.Flag_C NativeClass:/Script/Engine.Actor Name:Flag_C_UAID_744CA17BFC34ADA501_2101263848 Label:Flag2 SpatiallyLoaded:1 Bounds:IsValid=true, Min=(X=3715.659 Y=5275.345 Z=60.072), Max=(X=3815.659 Y=5375.345 Z=160.072) RuntimeGrid:None EditorOnly:0 RuntimeOnly:0 HLODRelevant:0
 |   |   |- [+] [ 22]
 |   |   |   |- Guid:622EBFA34CCA86970D5A00B8D1B152BD BaseClass: NativeClass:/Script/NavigationSystem.NavMeshBoundsVolume Name:NavMeshBoundsVolume_UAID_002B67A9371847A301_1998094784 Label:NavMeshBoundsVolume SpatiallyLoaded:0 Bounds:IsValid=true, Min=(X=-3243.434 Y=-1598.728 Z=-2951.910), Max=(X=4756.566 Y=6401.272 Z=5048.090) RuntimeGrid:None EditorOnly:0 RuntimeOnly:0 HLODRelevant:0
 |   |   |- [+] [ 23]
 |   |   |   |- Guid:F38164D74EC58670FA657D98C79827F0 BaseClass: NativeClass:/Script/Engine.StaticMeshActor Name:StaticMeshActor_UAID_744CA17BFC34C3A501_1250437798 Label:SM_stairsSmall_6 SpatiallyLoaded:1 Bounds:IsValid=true, Min=(X=2996.345 Y=805.221 Z=252.288), Max=(X=3246.346 Y=960.221 Z=352.288) RuntimeGrid:None EditorOnly:0 RuntimeOnly:0 HLODRelevant:1
 |   |   |- [+] [ 24]
 |   |   |   |- Guid:316CF2A6494ACA4C0E4180A87D36AB8F BaseClass: NativeClass:/Script/Engine.ExponentialHeightFog Name:ExponentialHeightFog_0 Label:ExponentialHeightFog SpatiallyLoaded:0 Bounds:IsValid=true, Min=(X=-5600.000 Y=-50.000 Z=-6850.000), Max=(X=-5600.000 Y=-50.000 Z=-6850.000) RuntimeGrid:None EditorOnly:0 RuntimeOnly:0 HLODRelevant:0 FolderPath:Lighting FolderGuid:963EC3EB4002CCE9759E2EBA541A873A
 |   |   |- [+] [ 25]
 |   |   |   |- Guid:A66BDCDB41AD0EE09B8B97B4A95AB53C BaseClass: NativeClass:/Script/Engine.StaticMeshActor Name:StaticMeshActor_UAID_744CA17BFC34C3A501_1244655797 Label:SM_stairsSmall_5 SpatiallyLoaded:1 Bounds:IsValid=true, Min=(X=2996.345 Y=955.658 Z=175.280), Max=(X=3246.346 Y=1110.658 Z=275.281) RuntimeGrid:None EditorOnly:0 RuntimeOnly:0 HLODRelevant:1
 |   |   |- [+] [ 26]
 |   |   |   |- Guid:A824B61E4AE92BD0C3F236BE4997CA74 BaseClass: NativeClass:/Script/Engine.StaticMeshActor Name:StaticMeshActor_UAID_744CA17BFC34C3A501_1387389807 Label:SM_wallAttic_9 SpatiallyLoaded:1 Bounds:IsValid=true, Min=(X=2991.828 Y=3358.175 Z=0.633), Max=(X=3291.828 Y=3408.175 Z=80.633) RuntimeGrid:None EditorOnly:0 RuntimeOnly:0 HLODRelevant:1
 |   |   |- [+] [ 27]
 |   |   |   |- Guid:5B77C65942BF3F7D11878C86A3B03F3E BaseClass: NativeClass:/Script/Engine.StaticMeshActor Name:StaticMeshActor_UAID_744CA17BFC34C3A501_1140476794 Label:SM_wallAttic_8 SpatiallyLoaded:1 Bounds:IsValid=true, Min=(X=2594.419 Y=4966.773 Z=0.633), Max=(X=3094.419 Y=5016.773 Z=210.633) RuntimeGrid:None EditorOnly:0 RuntimeOnly:0 HLODRelevant:1
 |   |   |- [+] [ 28]
 |   |   |   |- Guid:F1924B8D48954B30891B2DB6A694F9CC BaseClass: NativeClass:/Script/Engine.StaticMeshActor Name:StaticMeshActor_1 Label:SM_Cube SpatiallyLoaded:1 Bounds:IsValid=true, Min=(X=0.000 Y=0.000 Z=-50.000), Max=(X=4000.000 Y=5600.000 Z=0.633) RuntimeGrid:None EditorOnly:0 RuntimeOnly:0 HLODRelevant:1 FolderPath:Playground FolderGuid:C73F09FC4215536B1DCE2A9E0A830C70
 |   |   |- [+] [ 29]
 |   |   |   |- Guid:7A27DC524BF74E2906CA999F75051AEB BaseClass: NativeClass:/Script/Engine.StaticMeshActor Name:StaticMeshActor_UAID_744CA17BFC34C1A501_1215388371 Label:SM_stairsSmall_01 SpatiallyLoaded:1 Bounds:IsValid=true, Min=(X=2179.689 Y=2927.233 Z=0.632), Max=(X=2550.631 Y=3306.495 Z=150.633) RuntimeGrid:None EditorOnly:0 RuntimeOnly:0 HLODRelevant:1
 |   |   |- [+] [ 30]
 |   |   |   |- Guid:C2423CDC48E1F672F30F3D9DBC82779F BaseClass: NativeClass:/Script/Engine.StaticMeshActor Name:StaticMeshActor_UAID_744CA17BFC34C3A501_1221651796 Label:SM_stairsSmall_4 SpatiallyLoaded:1 Bounds:IsValid=true, Min=(X=2996.345 Y=1104.654 Z=76.443), Max=(X=3246.346 Y=1259.654 Z=176.443) RuntimeGrid:None EditorOnly:0 RuntimeOnly:0 HLODRelevant:1
 |   |   |- [+] [ 31]
 |   |   |   |- Guid:9477BCE1491E5E2626EBA1B162F75045 BaseClass:/Game/AI/Blueprints/BP_AI.BP_AI_C NativeClass:/Script/Engine.Character Name:BP_AI_C_UAID_002B67A9371857A301_1742450601 Label:BP_AI SpatiallyLoaded:1 Bounds:IsValid=true, Min=(X=837.538 Y=306.329 Z=-2.172), Max=(X=962.538 Y=409.959 Z=286.646) RuntimeGrid:None EditorOnly:0 RuntimeOnly:0 HLODRelevant:0
 |   |   |- [+] [ 32]
 |   |   |   |- Guid:3EEE756449D4E3AAB1665C88687C1D69 BaseClass: NativeClass:/Script/Engine.StaticMeshActor Name:StaticMeshActor_UAID_744CA17BFC34C3A501_1140473793 Label:SM_wallAttic_7 SpatiallyLoaded:1 Bounds:IsValid=true, Min=(X=2594.552 Y=4991.773 Z=0.633), Max=(X=2644.552 Y=5491.773 Z=210.633) RuntimeGrid:None EditorOnly:0 RuntimeOnly:0 HLODRelevant:1
 |   |   |- [+] [ 33]
 |   |   |   |- Guid:D453EF5E4D8D633C386F4E8E434AD993 BaseClass: NativeClass:/Script/Engine.StaticMeshActor Name:StaticMeshActor_UAID_744CA17BFC34C3A501_1111914791 Label:SM_wallAttic_6 SpatiallyLoaded:1 Bounds:IsValid=true, Min=(X=42.867 Y=1129.945 Z=0.633), Max=(X=542.867 Y=1179.945 Z=210.633) RuntimeGrid:None EditorOnly:0 RuntimeOnly:0 HLODRelevant:1
 |   |   |- [+] [ 34]
 |   |   |   |- Guid:2A1341124A2DC09F1B9BF2B86121CA44 BaseClass: NativeClass:/Script/Engine.StaticMeshActor Name:StaticMeshActor_UAID_744CA17BFC34C2A501_1990331607 Label:SM_stairsRamp_01 SpatiallyLoaded:1 Bounds:IsValid=true, Min=(X=96.477 Y=82.142 Z=-0.171), Max=(X=511.157 Y=398.445 Z=155.240) RuntimeGrid:None EditorOnly:0 RuntimeOnly:0 HLODRelevant:1
 |   |   |- [+] [ 35]
 |   |   |   |- Guid:5A2C5C24484A7058284CB38C727E3DCE BaseClass: NativeClass:/Script/Engine.StaticMeshActor Name:StaticMeshActor_UAID_744CA17BFC34C3A501_1111911790 Label:SM_wallAttic_5 SpatiallyLoaded:1 Bounds:IsValid=true, Min=(X=492.734 Y=654.945 Z=0.633), Max=(X=542.734 Y=1154.945 Z=210.633) RuntimeGrid:None EditorOnly:0 RuntimeOnly:0 HLODRelevant:1
 |   |   |- [+] [ 36]
 |   |   |   |- Guid:2FB58999456391D349DC0F86DAC136ED BaseClass: NativeClass:/Script/Engine.SkyLight Name:SkyLight_1 Label:SkyLight SpatiallyLoaded:0 Bounds:IsValid=true, Min=(X=0.000 Y=0.000 Z=690.000), Max=(X=0.000 Y=0.000 Z=690.000) RuntimeGrid:None EditorOnly:0 RuntimeOnly:0 HLODRelevant:0 FolderPath:Lighting FolderGuid:963EC3EB4002CCE9759E2EBA541A873A
 |   |   |- [+] [ 37]
 |   |   |   |- Guid:073E6F344B4D59BCCE1C6E889E95460F BaseClass: NativeClass:/Script/Engine.StaticMeshActor Name:StaticMeshActor_UAID_744CA17BFC34C2A501_1933364605 Label:SM_wallAttic_4 SpatiallyLoaded:1 Bounds:IsValid=true, Min=(X=2190.442 Y=318.249 Z=0.633), Max=(X=2240.442 Y=818.249 Z=210.633) RuntimeGrid:None EditorOnly:0 RuntimeOnly:0 HLODRelevant:1
 |   |   |- [+] [ 38]
 |   |   |   |- Guid:79CFAE5040CD13F69EAD61B95F843597 BaseClass: NativeClass:/Script/Engine.StaticMeshActor Name:StaticMeshActor_UAID_744CA17BFC34C3A501_1192452795 Label:SM_stairsSmall_3 SpatiallyLoaded:1 Bounds:IsValid=true, Min=(X=2996.345 Y=1259.739 Z=0.633), Max=(X=3246.346 Y=1414.739 Z=100.633) RuntimeGrid:None EditorOnly:0 RuntimeOnly:0 HLODRelevant:1
 |   |   |- [+] [ 39]
 |   |   |   |- Guid:86F6689948B0D61A3EF9498E4413DA26 BaseClass: NativeClass:/Script/Engine.StaticMeshActor Name:StaticMeshActor_UAID_744CA17BFC34C2A501_1579152594 Label:SM_wall_02_half SpatiallyLoaded:1 Bounds:IsValid=true, Min=(X=1766.663 Y=2527.837 Z=0.633), Max=(X=2218.947 Y=3054.692 Z=150.633) RuntimeGrid:None EditorOnly:0 RuntimeOnly:0 HLODRelevant:1
 |   |   |- [+] [ 40]
 |   |   |   |- Guid:A071FC5A44CA89C2C6B460A86E616076 BaseClass: NativeClass:/Script/Engine.StaticMeshActor Name:StaticMeshActor_UAID_744CA17BFC34C2A501_1490170590 Label:SM_wallAttic_01_corner SpatiallyLoaded:1 Bounds:IsValid=true, Min=(X=1709.932 Y=2963.491 Z=0.633), Max=(X=1868.425 Y=3121.985 Z=495.633) RuntimeGrid:None EditorOnly:0 RuntimeOnly:0 HLODRelevant:1
 |   |   |- [+] [ 41]
 |   |   |   |- Guid:CB74B1464FC22367338F088955C471FC BaseClass: NativeClass:/Script/Engine.StaticMeshActor Name:StaticMeshActor_UAID_744CA17BFC34C2A501_1445211589 Label:SM_wallAttic_02 SpatiallyLoaded:1 Bounds:IsValid=true, Min=(X=1783.404 Y=2527.948 Z=144.938), Max=(X=2216.954 Y=3027.749 Z=264.938) RuntimeGrid:None EditorOnly:0 RuntimeOnly:0 HLODRelevant:1
 |   |   |- [+] [ 42]
 |   |   |   |- Guid:C1C8D2D646598FFB9809269A2ECF0789 BaseClass: NativeClass:/Script/Engine.StaticMeshActor Name:StaticMeshActor_UAID_744CA17BFC34C2A501_1516961591 Label:SM_wallAttic_01_corner2 SpatiallyLoaded:1 Bounds:IsValid=true, Min=(X=2146.111 Y=2445.571 Z=0.633), Max=(X=2304.605 Y=2604.064 Z=495.633) RuntimeGrid:None EditorOnly:0 RuntimeOnly:0 HLODRelevant:1
 |   |   |- [+] [ 43]
 |   |   |   |- Guid:C38809D4400DE37441E8698F4899F475 BaseClass: NativeClass:/Script/Engine.StaticMeshActor Name:StaticMeshActor_UAID_744CA17BFC34C3A501_1140470792 Label:SM_floor_7 SpatiallyLoaded:1 Bounds:IsValid=true, Min=(X=2637.417 Y=5031.640 Z=-12.739), Max=(X=3037.417 Y=5431.640 Z=112.261) RuntimeGrid:None EditorOnly:0 RuntimeOnly:0 HLODRelevant:1
 |   |   |- [+] [ 44]
 |   |   |   |- Guid:55EDC6C346CEB1585FE71B9A54858592 BaseClass: NativeClass:/Script/Engine.StaticMeshActor Name:StaticMeshActor_UAID_744CA17BFC34C2A501_1374529588 Label:SM_shopTop_01 SpatiallyLoaded:1 Bounds:IsValid=true, Min=(X=1024.370 Y=3384.987 Z=163.584), Max=(X=1676.411 Y=3942.120 Z=341.083) RuntimeGrid:None EditorOnly:0 RuntimeOnly:0 HLODRelevant:1
 |   |   |- [+] [ 45]
 |   |   |   |- Guid:980B59024EA6A46859A0B9AE3E18E460 BaseClass:/Game/AI/Blueprints/BP_AI.BP_AI_C NativeClass:/Script/Engine.Character Name:BP_AI_C_UAID_002B67A9371857A301_1831630607 Label:BP_AI6 SpatiallyLoaded:1 Bounds:IsValid=true, Min=(X=3472.966 Y=4516.804 Z=-2.172), Max=(X=3576.596 Y=4641.804 Z=286.646) RuntimeGrid:None EditorOnly:0 RuntimeOnly:0 HLODRelevant:0
 |   |   |- [+] [ 46]
 |   |   |   |- Guid:4F5E749D42E2BEB03F31C888FB14553B BaseClass: NativeClass:/Script/Engine.StaticMeshActor Name:StaticMeshActor_UAID_744CA17BFC34C2A501_1354997587 Label:SM_wallAttic_01_half7 SpatiallyLoaded:1 Bounds:IsValid=true, Min=(X=579.941 Y=3524.170 Z=0.633), Max=(X=896.266 Y=3806.599 Z=315.633) RuntimeGrid:None EditorOnly:0 RuntimeOnly:0 HLODRelevant:1
 |   |   |- [+] [ 47]
 |   |   |   |- Guid:EE9CAF0E45935F8E08C2D4B4D9D8CBCA BaseClass: NativeClass:/Script/Engine.StaticMeshActor Name:StaticMeshActor_UAID_744CA17BFC34C2A501_1297776586 Label:SM_floor_3 SpatiallyLoaded:1 Bounds:IsValid=true, Min=(X=750.775 Y=3362.469 Z=3.678), Max=(X=1697.330 Y=4247.396 Z=159.928) RuntimeGrid:None EditorOnly:0 RuntimeOnly:0 HLODRelevant:1
 |   |   |- [+] [ 48]
 |   |   |   |- Guid:A377CF6344D36B4FD5CC28A41FCD11D4 BaseClass: NativeClass:/Script/Engine.StaticMeshActor Name:StaticMeshActor_UAID_744CA17BFC34C3A501_1111907789 Label:SM_floor_6 SpatiallyLoaded:1 Bounds:IsValid=true, Min=(X=99.869 Y=715.078 Z=-12.739), Max=(X=499.869 Y=1115.078 Z=112.261) RuntimeGrid:None EditorOnly:0 RuntimeOnly:0 HLODRelevant:1
 |   |   |- [+] [ 49]
 |   |   |   |- Guid:A56216954B2165CF0F35A886B537D536 BaseClass: NativeClass:/Script/Engine.StaticMeshActor Name:StaticMeshActor_0 Label:SM_Cube5 SpatiallyLoaded:1 Bounds:IsValid=true, Min=(X=-0.000 Y=100.000 Z=0.000), Max=(X=100.000 Y=5550.000 Z=375.000) RuntimeGrid:None EditorOnly:0 RuntimeOnly:0 HLODRelevant:1 FolderPath:Playground FolderGuid:C73F09FC4215536B1DCE2A9E0A830C70
 |   |   |- [+] [ 50]
 |   |   |   |- Guid:8FE141834AF7AA30CD13B58D17909CAE BaseClass: NativeClass:/Script/Engine.StaticMeshActor Name:StaticMeshActor_UAID_744CA17BFC34C2A501_1276931585 Label:SM_floor_02 SpatiallyLoaded:1 Bounds:IsValid=true, Min=(X=536.441 Y=2593.249 Z=-12.739), Max=(X=936.441 Y=2993.249 Z=112.261) RuntimeGrid:None EditorOnly:0 RuntimeOnly:0 HLODRelevant:1
 |   |   |- [+] [ 51]
 |   |   |   |- Guid:35DCB8D64AFE430C8A834D9D263428AF BaseClass: NativeClass:/Script/Engine.StaticMeshActor Name:StaticMeshActor_UAID_744CA17BFC34C2A501_1251049583 Label:SM_wallAttic_01_half6 SpatiallyLoaded:1 Bounds:IsValid=true, Min=(X=948.709 Y=2270.889 Z=0.633), Max=(X=1298.709 Y=2345.889 Z=315.633) RuntimeGrid:None EditorOnly:0 RuntimeOnly:0 HLODRelevant:1
 |   |   |- [+] [ 52]
 |   |   |   |- Guid:329884F04E0F806DF3E871B9A38237AE BaseClass:/Game/AI/Blueprints/BP_AI.BP_AI_C NativeClass:/Script/Engine.Character Name:BP_AI_C_UAID_002B67A9371857A301_1748162602 Label:BP_AI2 SpatiallyLoaded:1 Bounds:IsValid=true, Min=(X=1058.343 Y=334.060 Z=-2.172), Max=(X=1183.343 Y=437.690 Z=286.646) RuntimeGrid:None EditorOnly:0 RuntimeOnly:0 HLODRelevant:0
 |   |   |- [+] [ 53]
 |   |   |   |- Guid:7823FA20475EB375ABD392AFAC8E0297 BaseClass: NativeClass:/Script/Engine.StaticMeshActor Name:StaticMeshActor_UAID_744CA17BFC34C2A501_1933358603 Label:SM_floor_5 SpatiallyLoaded:1 Bounds:IsValid=true, Min=(X=2255.309 Y=375.251 Z=-12.739), Max=(X=2655.309 Y=775.251 Z=112.261) RuntimeGrid:None EditorOnly:0 RuntimeOnly:0 HLODRelevant:1
 |   |   |- [+] [ 54]
 |   |   |   |- Guid:00527891450650DBBE08FEB1BDEDA834 BaseClass: NativeClass:/Script/Engine.StaticMeshActor Name:StaticMeshActor_UAID_744CA17BFC34C2A501_1824454599 Label:SM_floor_4 SpatiallyLoaded:1 Bounds:IsValid=true, Min=(X=1747.401 Y=2521.231 Z=3.678), Max=(X=2503.770 Y=3314.577 Z=159.928) RuntimeGrid:None EditorOnly:0 RuntimeOnly:0 HLODRelevant:1
 |   |   |- [+] [ 55]
 |   |   |   |- Guid:623832F842193AF147A3D3B6D6BAF250 BaseClass: NativeClass:/Script/Engine.StaticMeshActor Name:StaticMeshActor_UAID_744CA17BFC34C2A501_1230012582 Label:SM_wallAttic_01_half5 SpatiallyLoaded:1 Bounds:IsValid=true, Min=(X=1489.876 Y=2270.889 Z=0.633), Max=(X=1839.876 Y=2345.889 Z=315.633) RuntimeGrid:None EditorOnly:0 RuntimeOnly:0 HLODRelevant:1
 |   |   |- [+] [ 56]
 |   |   |   |- Guid:56A9E0464DF119712B185D95E18AA425 BaseClass: NativeClass:/Script/Engine.StaticMeshActor Name:StaticMeshActor_UAID_744CA17BFC34C2A501_1154051580 Label:SM_wallAttic_01_half4 SpatiallyLoaded:1 Bounds:IsValid=true, Min=(X=1306.542 Y=4156.987 Z=0.633), Max=(X=1622.867 Y=4439.416 Z=315.633) RuntimeGrid:None EditorOnly:0 RuntimeOnly:0 HLODRelevant:1
 |   |   |- [+] [ 57]
 |   |   |   |- Guid:B26230E04C5686D4FD00AEA47B2BE6B2 BaseClass:/Game/AI/Blueprints/BP_AI.BP_AI_C NativeClass:/Script/Engine.Character Name:BP_AI_C_UAID_002B67A9371857A301_1826777605 Label:BP_AI4 SpatiallyLoaded:1 Bounds:IsValid=true, Min=(X=3318.076 Y=3771.993 Z=-2.172), Max=(X=3421.706 Y=3896.993 Z=286.646) RuntimeGrid:None EditorOnly:0 RuntimeOnly:0 HLODRelevant:0
 |   |   |- [+] [ 58]
 |   |   |   |- Guid:F8ACADA048C2B9AF563BF29ABB930668 BaseClass: NativeClass:/Script/Engine.StaticMeshActor Name:StaticMeshActor_UAID_744CA17BFC34C2A501_1080051578 Label:SM_stairsSmall_2 SpatiallyLoaded:1 Bounds:IsValid=true, Min=(X=808.556 Y=3801.357 Z=0.632), Max=(X=1251.028 Y=4234.123 Z=175.633) RuntimeGrid:None EditorOnly:0 RuntimeOnly:0 HLODRelevant:1
 |   |   |- [+] [ 59]
 |   |   |   |- Guid:BC08B79C4EA3C961CFF75EBBE83B367D BaseClass: NativeClass:/Script/Engine.StaticMeshActor Name:StaticMeshActor_5 Label:SM_Cube2 SpatiallyLoaded:1 Bounds:IsValid=true, Min=(X=0.000 Y=0.000 Z=0.000), Max=(X=4000.000 Y=100.000 Z=400.000) RuntimeGrid:None EditorOnly:0 RuntimeOnly:0 HLODRelevant:1 FolderPath:Playground FolderGuid:C73F09FC4215536B1DCE2A9E0A830C70
 |   |   |- [+] [ 60]
 |   |   |   |- Guid:F6FEFFEB47F74EB64C84378BEB6976F9 BaseClass: NativeClass:/Script/Engine.StaticMeshActor Name:StaticMeshActor_UAID_744CA17BFC34C1A501_1734371388 Label:SM_veranda_02_short SpatiallyLoaded:1 Bounds:IsValid=true, Min=(X=108.313 Y=4020.419 Z=0.633), Max=(X=463.313 Y=4638.666 Z=544.468) RuntimeGrid:None EditorOnly:0 RuntimeOnly:0 HLODRelevant:1
 |   |   |- [+] [ 61]
 |   |   |   |- Guid:FF698C67459ADB4982D7759C0905EE9F BaseClass: NativeClass:/Script/Engine.StaticMeshActor Name:StaticMeshActor_6 Label:SM_Cube3 SpatiallyLoaded:1 Bounds:IsValid=true, Min=(X=1.437 Y=5470.037 Z=0.000), Max=(X=4001.437 Y=5570.037 Z=400.000) RuntimeGrid:None EditorOnly:0 RuntimeOnly:0 HLODRelevant:1 FolderPath:Playground FolderGuid:C73F09FC4215536B1DCE2A9E0A830C70
 |   |   |- [+] [ 62]
 |   |   |   |- Guid:6870EE4F4E1D0EBCD329BA80BF403DA2 BaseClass:/Game/AI/Blueprints/BP_AI.BP_AI_C NativeClass:/Script/Engine.Character Name:BP_AI_C_UAID_002B67A9371857A301_1751906603 Label:BP_AI3 SpatiallyLoaded:1 Bounds:IsValid=true, Min=(X=1262.781 Y=317.483 Z=-2.172), Max=(X=1387.781 Y=421.114 Z=286.646) RuntimeGrid:None EditorOnly:0 RuntimeOnly:0 HLODRelevant:0
 |   |   |- [+] [ 63]
 |   |   |   |- Guid:3A272EDA40DAF9A16F335683280116F7 BaseClass: NativeClass:/Script/Engine.StaticMeshActor Name:StaticMeshActor_UAID_002B67328755A2A201_1662870777 Label:SM_Cube6 SpatiallyLoaded:1 Bounds:IsValid=true, Min=(X=3895.014 Y=100.000 Z=0.000), Max=(X=3995.014 Y=5550.000 Z=375.000) RuntimeGrid:None EditorOnly:0 RuntimeOnly:0 HLODRelevant:1 FolderPath:Playground FolderGuid:C73F09FC4215536B1DCE2A9E0A830C70
 |   |   |- [+] [ 64]
 |   |   |   |- Guid:8BDEE0124E55A7B76084E882A32360C6 BaseClass: NativeClass:/Script/Engine.StaticMeshActor Name:StaticMeshActor_UAID_744CA17BFC34C2A501_1933362604 Label:SM_wallAttic_3 SpatiallyLoaded:1 Bounds:IsValid=true, Min=(X=2215.442 Y=768.117 Z=0.633), Max=(X=2715.442 Y=818.117 Z=210.633) RuntimeGrid:None EditorOnly:0 RuntimeOnly:0 HLODRelevant:1
 |   |   |- [+] [ 65]
 |   |   |   |- Guid:3A00AA1C422CE54C0BDB60BAF471BFBB BaseClass: NativeClass:/Script/Engine.PlayerStart Name:PlayerStart_0 Label:PlayerStart SpatiallyLoaded:0 Bounds:IsValid=true, Min=(X=679.859 Y=225.935 Z=0.013), Max=(X=759.859 Y=305.935 Z=184.013) RuntimeGrid:None EditorOnly:0 RuntimeOnly:0 HLODRelevant:0
 |   |   |- [+] [ 66]
 |   |   |   |- Guid:C5B7E6BE46549AEC85FD7BB5D92CFBDA BaseClass: NativeClass:/Script/Engine.StaticMeshActor Name:StaticMeshActor_UAID_744CA17BFC34C1A501_1694062387 Label:SM_veranda_02 SpatiallyLoaded:1 Bounds:IsValid=true, Min=(X=2421.852 Y=1660.516 Z=0.633), Max=(X=2896.852 Y=2278.764 Z=544.468) RuntimeGrid:None EditorOnly:0 RuntimeOnly:0 HLODRelevant:1
 |   |   |- [+] [ 67]
 |   |   |   |- Guid:EA9C944D42BEC85ED0B1E2ABCE7736D8 BaseClass: NativeClass:/Script/Engine.StaticMeshActor Name:StaticMeshActor_UAID_744CA17BFC34C1A501_1634417385 Label:SM_veranda_2 SpatiallyLoaded:1 Bounds:IsValid=true, Min=(X=1797.368 Y=3584.504 Z=-0.414), Max=(X=3183.763 Y=4861.915 Z=559.586) RuntimeGrid:None EditorOnly:0 RuntimeOnly:0 HLODRelevant:1
 |   |   |- [+] [ 68]
 |   |   |   |- Guid:1829BEB64FC21EDA0BF0BC85A7D2C7B5 BaseClass: NativeClass:/Script/NavigationSystem.RecastNavMesh Name:RecastNavMesh_UAID_002B67A9371847A301-Default Label:RecastNavMesh-Default SpatiallyLoaded:0 Bounds:IsValid=true, Min=(X=0.000 Y=0.000 Z=0.000), Max=(X=0.000 Y=0.000 Z=0.000) RuntimeGrid:None EditorOnly:0 RuntimeOnly:0 HLODRelevant:0
 |   |   |- [+] [ 69]
 |   |   |   |- Guid:80D8FF9C4A1CE4D72F34E79F38178B1D BaseClass: NativeClass:/Script/Engine.StaticMeshActor Name:StaticMeshActor_UAID_744CA17BFC34C3A501_1438699811 Label:SM_wallAttic_02_corner2 SpatiallyLoaded:1 Bounds:IsValid=true, Min=(X=3548.036 Y=3347.764 Z=0.633), Max=(X=3623.036 Y=3422.764 Z=135.633) RuntimeGrid:None EditorOnly:0 RuntimeOnly:0 HLODRelevant:1
 |   |   |- [+] [ 70]
 |   |   |   |- Guid:239DC4A445BD25CC1F6F428A9F129DD9 BaseClass: NativeClass:/Script/Engine.StaticMeshActor Name:StaticMeshActor_UAID_744CA17BFC34C2A501_1739243596 Label:SM_wall_01 SpatiallyLoaded:1 Bounds:IsValid=true, Min=(X=993.917 Y=3366.022 Z=0.633), Max=(X=1702.641 Y=3967.512 Z=225.633) RuntimeGrid:None EditorOnly:0 RuntimeOnly:0 HLODRelevant:1
 |   |   |- [+] [ 71]
 |   |   |   |- Guid:DF478E3943BEC52871D573BCA19B73FA BaseClass:/Game/AI/Blueprints/BP_AI.BP_AI_C NativeClass:/Script/Engine.Character Name:BP_AI_C_UAID_002B67A9371857A301_1829308606 Label:BP_AI5 SpatiallyLoaded:1 Bounds:IsValid=true, Min=(X=3148.659 Y=4127.476 Z=-2.172), Max=(X=3252.290 Y=4252.476 Z=286.646) RuntimeGrid:None EditorOnly:0 RuntimeOnly:0 HLODRelevant:0
 |   |   |- [+] [ 72]
 |   |   |   |- Guid:E8D625DD4B6A6FFA1D3E0180DDC16070 BaseClass: NativeClass:/Script/Engine.StaticMeshActor Name:StaticMeshActor_UAID_744CA17BFC34C1A501_1556664383 Label:SM_veranda_01 SpatiallyLoaded:1 Bounds:IsValid=true, Min=(X=597.268 Y=390.411 Z=-0.414), Max=(X=1934.259 Y=1727.402 Z=559.586) RuntimeGrid:None EditorOnly:0 RuntimeOnly:0 HLODRelevant:1
 |   |   |- [+] [ 73]
 |   |   |   |- Guid:6CD2F2E24D21CC7104161DB7D7AB55A9 BaseClass: NativeClass:/Script/Engine.StaticMeshActor Name:StaticMeshActor_UAID_744CA17BFC34C2A501_2056376608 Label:SM_stairsRamp_2 SpatiallyLoaded:1 Bounds:IsValid=true, Min=(X=3546.280 Y=5198.073 Z=-0.171), Max=(X=3901.720 Y=5469.189 Z=155.240) RuntimeGrid:None EditorOnly:0 RuntimeOnly:0 HLODRelevant:1
 |   |   |- [+] [ 74]
 |   |   |   |- Guid:28D4BD4B4414D67983BB8C8C49170872 BaseClass:/Game/AI/Blueprints/BP_AI.BP_AI_C NativeClass:/Script/Engine.Character Name:BP_AI_C_UAID_002B67A9371857A301_1833696608 Label:BP_AI7 SpatiallyLoaded:1 Bounds:IsValid=true, Min=(X=3211.846 Y=4678.286 Z=-2.172), Max=(X=3315.476 Y=4803.286 Z=286.646) RuntimeGrid:None EditorOnly:0 RuntimeOnly:0 HLODRelevant:0
 |- ContainerInstances:
 |- [+] MainContainer:
 |   |-        ID: 0x0000000000000000
 |   |-    Bounds: IsValid=false, Min=(X=0.000 Y=0.000 Z=0.000), Max=(X=0.000 Y=0.000 Z=0.000)
 |   |- Transform: 0.000000,0.000000,0.000000|0.000000,0.000000,-0.000000|1.000000,1.000000,1.000000
 |   |- Container: /Game/ThirdPerson/Maps/ThirdPersonMap
----------------------------------------------------------------------------------------------------------------
ThirdPersonMap - Persistent Level
----------------------------------------------------------------------------------------------------------------
Always loaded Actor Count: 174 

----------------------------------------------------------------------------------------------------------------
ThirdPersonMap - Runtime Spatial Hash - Streaming Grid - MainGrid
----------------------------------------------------------------------------------------------------------------
            Origin: X=0.000 Y=0.000 Z=0.000
         Cell Size: 12800
      World Bounds: IsValid=false, Min=(X=0.000 Y=0.000 Z=0.000), Max=(X=0.000 Y=0.000 Z=0.000)
     Loading Range: 25600.00
Block Slow Loading: No
 ClientOnlyVisible: No

[+] Grid Levels: 1
 |- Level  0: Cell Count    0 | Cell Size   12800 | Actor Count    0 (0.0%)

[+] Content of Grid Level 0

